*** Starting uWSGI 2.0.14 (64bit) on [Wed Mar 22 12:39:30 2017] ***
compiled with version: 4.4.7 20120313 (Red Hat 4.4.7-11) on 08 March 2017 11:44:30
os: Linux-2.6.32-358.el6.x86_64 #1 SMP Fri Feb 22 00:31:26 UTC 2013
nodename: localhost.localdomain
machine: x86_64
clock source: unix
pcre jit disabled
detected number of CPU cores: 4
current working directory: /root/hf/integrated_display/integrated_display
detected binary path: /usr/local/Python2.7/bin/uwsgi
uWSGI running as root, you can use --uid/--gid/--chroot options
*** WARNING: you are running uWSGI as root !!! (use the --uid flag) *** 
chdir() to /root/hf/integrated_display/
*** WARNING: you are running uWSGI without its master process manager ***
your processes number limit is 256500
your memory page size is 4096 bytes
detected max file descriptor number: 102400
lock engine: pthread robust mutexes
thunder lock: disabled (you can enable it with --thunder-lock)
uWSGI http bound on :10000 fd 4
spawned uWSGI http 1 (pid: 25533)
uwsgi socket 0 bound to TCP address 127.0.0.1:23628 (port auto-assigned) fd 3
Python version: 2.7.12 (default, Jul 13 2016, 11:19:57)  [GCC 4.4.7 20120313 (Red Hat 4.4.7-11)]
*** Python threads support is disabled. You can enable it with --enable-threads ***
Python main interpreter initialized at 0x1323c90
your server socket listen backlog is limited to 100 connections
your mercy for graceful operations on workers is 60 seconds
mapped 72768 bytes (71 KB) for 1 cores
*** Operational MODE: single process ***
WSGI app 0 (mountpoint='') ready in 0 seconds on interpreter 0x1323c90 pid: 25532 (default app)
*** uWSGI is running in multiple interpreter mode ***
spawned uWSGI worker 1 (and the only) (pid: 25532, cores: 1)
select substring(date from 1 for 6) as date,sum(vv) as vv from vv_cid_day where date>='20160101' and date<='20170321' and bid not in (2,4) GROUP BY substring(date from 1 for 6) order by substring(date from 1 for 6)
select date,sum(vv) as vv from vv_cid_day where bid not in (2,4) and date>='20170220' and date<='20170321' group by date order by date
select date,sum(uv) as uv from bid_uv_day where bid not in (2,4) and date>='20170220' and date<='20170321' group by date order by date
select date,sum(pv) as pv from dau_bid_day where bid not in (2,4,5) and date>='20170220' and date<='20170321' group by date order by date
select date,sum(pt) as pt from pt_bid_day where bid not in (2,4) and date>='20170220' and date<='20170321' group by date order by date
select avg(a.vv) as vv from (select date,sum(vv) as vv from vv_cid_day where bid not in (2,4) and date>='20170101' and date<='20170321' GROUP BY date) a;
select date,case bid when 102 then 'pcweb' when 104 then 'phonem' when 11 then 'ipad' when 10 then 'apad' when 13 then 'mui' when 12 then 'iphone' when 1 then 'ott' when 5 then 'padweb' when 7 then 'win10client' when 6 then 'macclient' when 9 then 'android' when 8 then 'pcclient' else 'else' end as bid_name,sum(vv) as vv from vv_cid_day where bid not in (2,4) and date>='20170220' and date<='20170321' group by date,bid order by date
select date,case bid when 102 then 'pcweb' when 104 then 'phonem' when 11 then 'ipad' when 10 then 'apad' when 13 then 'mui' when 12 then 'iphone' when 1 then 'ott' when 5 then 'padweb' when 7 then 'win10client' when 6 then 'macclient' when 9 then 'android' when 8 then 'pcclient' else 'else' end as bid_name,sum(uv) as uv from bid_uv_day where bid not in (2,4) and date>='20170220' and date<='20170321' group by date,bid order by date
select date,case cid when 1 then 'show' when 3 then 'movie' when 2 then 'tv' when 88 then 'cartoon' when 7 then 'cartoon' when 83 then 'tv' when 87 then 'show' when 84 then 'movie' else 'else' end as cid_name,sum(vv) as vv from vv_cid_day where bid not in (2,4) and date>='20170220' and date<='20170321' group by date,cid_name order by date
select date,case cid when 1 then 'show' when 3 then 'movie' when 2 then 'tv' when 88 then 'cartoon' when 7 then 'cartoon' when 83 then 'tv' when 87 then 'show' when 84 then 'movie' else 'else' end as cid_name,sum(uv) as uv from cid_uv_day where bid not in (2,4) and date>='20170220' and date<='20170321' group by date,cid_name order by date
select date,sum(uv) as dau from dau_bid_day where bid not in (2,4,5) and date>='20170220' and date<='20170321' group by date order by date
select pid,round(sum(uv)/7) as uv from pid_uv_day where bid not in (2,4) and date>='20170313' and date<='20170319' group by pid order by round(sum(uv)/7) desc limit 20
select pid,round(sum(vv)/7) as vv from vv_pid_day where bid not in (2,4) and pid in (310102,308710,311928,309556,308921,312727,308734,308703,310491,309803,308627,306566,312733,290346,-1,308796,291976,312655,310504,304155) and date>='20170313' and date<='20170319' group by pid order by round(sum(vv)/7) desc limit 20
((290346L, u'\u5feb\u4e50\u5927\u672c\u8425 2016', u'\u7efc\u827a'), (291976L, u'\u660e\u661f\u5927\u4fa6\u63a2', u'\u7efc\u827a'), (304155L, u'\u9ece\u660e\u51b3\u6218', u'\u7535\u89c6\u5267'), (306566L, u'\u90a3\u7247\u661f\u7a7a\u90a3\u7247\u6d77', u'\u7535\u89c6\u5267'), (308627L, u'\u795e\u5947\u7684\u5b69\u5b50', u'\u7efc\u827a'), (308703L, u'\u8292\u679c\u635e\u661f\u95fb 2017', u'\u7efc\u827a'), (308710L, u'\u5feb\u4e50\u5927\u672c\u8425 2017', u'\u7efc\u827a'), (308734L, u'\u5929\u5929\u5411\u4e0a 2017', u'\u7efc\u827a'), (308796L, u'\u996d\u5236\u5267\uff1a\u4e0d\u53ef\u9884\u6599\u7684\u604b\u4eba', u'\u7535\u89c6\u5267'), (308921L, u'\u6b4c\u624b', u'\u7efc\u827a'), (309556L, u'\u660e\u661f\u5927\u4fa6\u63a2 \u7b2c\u4e8c\u5b63', u'\u7efc\u827a'), (309803L, u'\u540d\u4fa6\u63a2\u4ff1\u4e50\u90e8', u'\u7efc\u827a'), (310102L, u'\u5411\u5f80\u7684\u751f\u6d3b', u'\u7efc\u827a'), (310491L, u'\u5411\u5f80\u7684\u751f\u6d3b \u7f51\u7edc\u7248', u'\u7efc\u827a'), (310504L, u'\u6c6a\u6c6a\u961f\u7acb\u5927\u529f \u7b2c\u4e09\u5b63', u'\u52a8\u6f2b'), (311928L, u'\u56e0\u4e3a\u9047\u89c1\u4f60', u'\u7535\u89c6\u5267'), (312655L, u'\u56e0\u4e3a\u9047\u89c1\u4f60 \u672a\u5220\u51cf\u7248', u'\u7535\u89c6\u5267'), (312727L, u'\u4e0d\u4e00\u6837\u7684\u7f8e\u7537\u5b502', u'\u7535\u89c6\u5267'), (312733L, u'\u5988\u5988\u662f\u8d85\u4eba \u7b2c\u4e8c\u5b63', u'\u7efc\u827a'))
98.38
29 28 22
[1746.6, 1478.5, 1369.3, 1273.6, 1430.0, 1935.4, 2042.2, 1545.5, 1300.2, 1203.7, 1153.5, 1378.6, 1844.7, 2250.9, 1735.8, 1456.3, 1339.2, 1323.2, 1525.4, 1962.5, 2431.3, 1878.8, 1528.2, 1413.5, 1359.2, 1570.2, 1989.3, 2308.7, 1836.0, 1532.6] [1076459000.2, 928267261.2, 876532527.8, 804195055.0, 835662850.4, 1122291215.2, 1139140864.1, 891947264.2, 739603959.1, 698622010.4, 671148767.2, 794478065.4, 1161592670.2, 1434441408.6, 1045328941.7, 877430773.0, 807585729.2, 790516184.1, 903484710.7, 1252068373.9, 1539274973.9, 1159490177.8, 907211863.0, 845734797.0, 821326386.8, 941105440.6, 1316054008.9, 1482725750.5, 1137858361.5, 923460289.5] [61.6, 62.8, 64.0, 63.1, 58.4, 58.0, 55.8, 57.7, 56.9, 58.0, 58.2, 57.6, 63.0, 63.7, 60.2, 60.3, 60.3, 59.7, 59.2, 63.8, 63.3, 61.7, 59.4, 59.8, 60.4, 59.9, 66.2, 64.2, 62.0, 60.3]
[pid: 25532|app: 0|req: 1/1] 10.100.253.14 () {40 vars in 759 bytes} [Wed Mar 22 04:39:34 2017] GET /display/ => generated 52113 bytes in 10317 msecs (HTTP/1.1 200) 2 headers in 88 bytes (1 switches on core 0)
*** Starting uWSGI 2.0.14 (64bit) on [Wed Mar 22 12:40:54 2017] ***
compiled with version: 4.4.7 20120313 (Red Hat 4.4.7-11) on 08 March 2017 11:44:30
os: Linux-2.6.32-358.el6.x86_64 #1 SMP Fri Feb 22 00:31:26 UTC 2013
nodename: localhost.localdomain
machine: x86_64
clock source: unix
pcre jit disabled
detected number of CPU cores: 4
current working directory: /root/hf/integrated_display/integrated_display
detected binary path: /usr/local/Python2.7/bin/uwsgi
uWSGI running as root, you can use --uid/--gid/--chroot options
*** WARNING: you are running uWSGI as root !!! (use the --uid flag) *** 
chdir() to /root/hf/integrated_display/
your processes number limit is 256500
your memory page size is 4096 bytes
detected max file descriptor number: 102400
lock engine: pthread robust mutexes
thunder lock: disabled (you can enable it with --thunder-lock)
uWSGI http bound on :10000 fd 4
uwsgi socket 0 bound to TCP address 127.0.0.1:26382 (port auto-assigned) fd 3
Python version: 2.7.12 (default, Jul 13 2016, 11:19:57)  [GCC 4.4.7 20120313 (Red Hat 4.4.7-11)]
Python main interpreter initialized at 0xcf8dd0
python threads support enabled
your server socket listen backlog is limited to 100 connections
your mercy for graceful operations on workers is 60 seconds
mapped 415360 bytes (405 KB) for 8 cores
*** Operational MODE: preforking+threaded ***
WSGI app 0 (mountpoint='') ready in 1 seconds on interpreter 0xcf8dd0 pid: 25548 (default app)
*** uWSGI is running in multiple interpreter mode ***
spawned uWSGI master process (pid: 25548)
spawned uWSGI worker 1 (pid: 25551, cores: 2)
spawned uWSGI worker 2 (pid: 25552, cores: 2)
spawned uWSGI worker 3 (pid: 25553, cores: 2)
spawned uWSGI worker 4 (pid: 25554, cores: 2)
spawned uWSGI http 1 (pid: 25556)
SIGINT/SIGQUIT received...killing workers...
gateway "uWSGI http 1" has been buried (pid: 25556)
worker 1 buried after 1 seconds
worker 2 buried after 1 seconds
worker 3 buried after 1 seconds
worker 4 buried after 1 seconds
goodbye to uWSGI.
